[32m-> Number of unique hosts: 137978[0m
[32m-> Total log number 404 found = 20890[0m
[32m-> Top 5 URLs that cause 404 errors:[0m
[32m('/pub/winvn/readme.txt', 2004)[0m
[32m('/pub/winvn/release.txt', 1732)[0m
[32m('/shuttle/missions/STS-69/mission-STS-69.html', 683)[0m
[32m('/shuttle/missions/sts-68/ksc-upclose.gif', 428)[0m
[32m('/history/apollo/a-001/a-001-patch-small.gif', 384)[0m
[32m-> Number of 404 codes per day/count:[0m
[32m1995-07-22 - 192[0m
[32m1995-07-23 - 233[0m
[32m1995-08-20 - 312[0m
[32m1995-08-26 - 366[0m
[32m1995-07-19 - 639[0m
[32m1995-07-07 - 570[0m
[32m1995-07-05 - 497[0m
[32m1995-08-22 - 288[0m
[32m1995-07-08 - 299[0m
[32m1995-08-15 - 327[0m
[32m1995-07-03 - 474[0m
[32m1995-07-10 - 398[0m
[32m1995-08-31 - 526[0m
[32m1995-07-28 - 94[0m
[32m1995-08-11 - 263[0m
[32m1995-07-17 - 406[0m
[32m1995-08-28 - 410[0m
[32m1995-07-15 - 254[0m
[32m1995-07-09 - 348[0m
[32m1995-07-27 - 336[0m
[32m1995-07-25 - 461[0m
[32m1995-08-08 - 391[0m
[32m1995-07-18 - 465[0m
[32m1995-07-24 - 328[0m
[32m1995-08-09 - 279[0m
[32m1995-07-01 - 316[0m
[32m1995-08-23 - 345[0m
[32m1995-08-10 - 314[0m
[32m1995-08-01 - 243[0m
[32m1995-08-19 - 209[0m
[32m1995-08-16 - 259[0m
[32m1995-08-24 - 420[0m
[32m1995-07-16 - 257[0m
[32m1995-07-13 - 530[0m
[32m1995-07-14 - 413[0m
[32m1995-08-30 - 571[0m
[32m1995-08-29 - 420[0m
[32m1995-08-12 - 196[0m
[32m1995-07-04 - 359[0m
[32m1995-07-06 - 640[0m
[32m1995-08-04 - 346[0m
[32m1995-07-11 - 471[0m
[32m1995-07-20 - 428[0m
[32m1995-08-03 - 303[0m
[32m1995-08-18 - 256[0m
[32m1995-08-13 - 216[0m
[32m1995-08-27 - 370[0m
[32m1995-07-21 - 334[0m
[32m1995-08-21 - 305[0m
[32m1995-07-26 - 336[0m
[32m1995-08-14 - 287[0m
[32m1995-08-25 - 415[0m
[32m1995-08-17 - 271[0m
[32m1995-08-05 - 236[0m
[32m1995-07-02 - 291[0m
[32m1995-07-12 - 467[0m
[32m1995-08-06 - 373[0m
[32m1995-08-07 - 537[0m
[32m-> Total bytes returned:[0m
(count: 3460360, mean: 18935.441238194595, stdev: 73043.86403436471, max: 6823936, min: 0)
